<?xml version="1.0" encoding="utf-8"?><testsuites><testsuite name="pytest" errors="0" failures="0" skipped="0" tests="3" time="157.309" timestamp="2021-04-20T15:36:51.908594" hostname="DESKTOP-MIMJ5KN"><testcase classname="test_HomePage.TestHomePage" name="test_formSubmittion[getData0]" time="86.473" /><testcase classname="test_HomePage.TestHomePage" name="test_formSubmittion[getData1]" time="7.115" /><testcase classname="test_e2e.TestOne" name="test_e2e" time="62.109" /></testsuite></testsuites>